<?xml version="1.0" encoding="UTF-8"?>
<testsuite xmlns:xsi="http://www.w3.org/2001/XMLSchema-instance" xsi:noNamespaceSchemaLocation="https://maven.apache.org/surefire/maven-surefire-plugin/xsd/surefire-test-report.xsd" version="3.0.2" name="com.cinepulse.MovieTicketBookingApplicationTests" time="0.883" tests="1" errors="0" skipped="0" failures="0">
  <properties>
[...]
</properties>
  <testcase name="contextLoads" classname="com.cinepulse.MovieTicketBookingApplicationTests" time="0.008">
    <system-out><![CDATA[2026-09-09T02:32:57.052+05:30  INFO 29628 --- [movie-ticket-booking-backend] [           main] t.c.s.AnnotationConfigContextLoaderUtils : Could not detect default configuration classes for test class [com.cinepulse.MovieTicketBookingApplicationTests]: MovieTicketBookingApplicationTests does not declare any static, non-private, non-final, nested classes annotated with @Configuration.
2026-09-09T02:32:57.064+05:30  INFO 29628 --- [movie-ticket-booking-backend] [           main] .b.t.c.SpringBootTestContextBootstrapper : Found @SpringBootConfiguration com.cinepulse.MovieTicketBookingApplication for test class com.cinepulse.MovieTicketBookingApplicationTests

  .   ____          _            __ _ _
 /\\ / ___'_ __ _ _(_)_ __  __ _ \ \ \ \
( ( )\___ | '_ | '_| | '_ \/ _` | \ \ \ \
 \\/  ___)| |_)| | | | | || (_| |  ) ) ) )
  '  |____| .__|_| |_|_| |_\__, | / / / /
 =========|_|==============|___/=/_/_/_/

 :: Spring Boot ::                (v3.4.3)

2026-09-09T02:32:57.111+05:30  INFO 29628 --- [movie-ticket-booking-backend] [           main] c.c.MovieTicketBookingApplicationTests   : Starting MovieTicketBookingApplicationTests using Java 25 with PID 29628 (started by Cyber Eagle in D:\movies\Movie TIcket Booking System\backend)
2026-09-09T02:32:57.111+05:30  INFO 29628 --- [movie-ticket-booking-backend] [           main] c.c.MovieTicketBookingApplicationTests   : The following 1 profile is active: "test"
2026-09-09T02:32:57.260+05:30  INFO 29628 --- [movie-ticket-booking-backend] [           main] .s.d.r.c.RepositoryConfigurationDelegate : Bootstrapping Spring Data JPA repositories in DEFAULT mode.
2026-09-09T02:32:57.277+05:30  INFO 29628 --- [movie-ticket-booking-backend] [           main] .s.d.r.c.RepositoryConfigurationDelegate : Finished Spring Data repository scanning in 16 ms. Found 8 JPA repository interfaces.
2026-09-09T02:32:57.415+05:30  INFO 29628 --- [movie-ticket-booking-backend] [           main] com.zaxxer.hikari.HikariDataSource       : HikariPool-2 - Starting...
2026-09-09T02:32:57.417+05:30  INFO 29628 --- [movie-ticket-booking-backend] [           main] com.zaxxer.hikari.pool.HikariPool        : HikariPool-2 - Added connection conn10: url=jdbc:h2:mem:testdb user=SA
2026-09-09T02:32:57.417+05:30  INFO 29628 --- [movie-ticket-booking-backend] [           main] com.zaxxer.hikari.HikariDataSource       : HikariPool-2 - Start completed.
2026-09-09T02:32:57.419+05:30  INFO 29628 --- [movie-ticket-booking-backend] [           main] org.flywaydb.core.FlywayExecutor         : Database: jdbc:h2:mem:testdb (H2 2.3)
2026-09-09T02:32:57.421+05:30  WARN 29628 --- [movie-ticket-booking-backend] [           main] o.f.c.internal.database.base.Database    : Flyway upgrade recommended: H2 2.3.232 is newer than this version of Flyway and support has not been tested. The latest supported version of H2 is 2.2.224.
2026-09-09T02:32:57.432+05:30  INFO 29628 --- [movie-ticket-booking-backend] [           main] o.f.core.internal.command.DbValidate     : Successfully validated 3 migrations (execution time 00:00.007s)
2026-09-09T02:32:57.437+05:30  INFO 29628 --- [movie-ticket-booking-backend] [           main] o.f.core.internal.command.DbMigrate      : Current version of schema "PUBLIC": 3
2026-09-09T02:32:57.438+05:30  INFO 29628 --- [movie-ticket-booking-backend] [           main] o.f.core.internal.command.DbMigrate      : Schema "PUBLIC" is up to date. No migration necessary.
2026-09-09T02:32:57.459+05:30  INFO 29628 --- [movie-ticket-booking-backend] [           main] o.hibernate.jpa.internal.util.LogHelper  : HHH000204: Processing PersistenceUnitInfo [name: default]
2026-09-09T02:32:57.461+05:30  INFO 29628 --- [movie-ticket-booking-backend] [           main] o.h.c.internal.RegionFactoryInitiator    : HHH000026: Second-level cache disabled
2026-09-09T02:32:57.470+05:30  INFO 29628 --- [movie-ticket-booking-backend] [           main] o.s.o.j.p.SpringPersistenceUnitInfo      : No LoadTimeWeaver setup: ignoring JPA class transformer
2026-09-09T02:32:57.473+05:30  WARN 29628 --- [movie-ticket-booking-backend] [           main] org.hibernate.dialect.Dialect            : HHH000511: The 2.3.232 version for [org.hibernate.dialect.MySQLDialect] is no longer supported, hence certain features may not work properly. The minimum supported version is 8.0.0. Check the community dialects project for available legacy versions.
2026-09-09T02:32:57.473+05:30  WARN 29628 --- [movie-ticket-booking-backend] [           main] org.hibernate.orm.deprecation            : HHH90000025: MySQLDialect does not need to be specified explicitly using 'hibernate.dialect' (remove the property setting and it will be selected by default)
2026-09-09T02:32:57.473+05:30  INFO 29628 --- [movie-ticket-booking-backend] [           main] org.hibernate.orm.connections.pooling    : HHH10001005: Database info:
	Database JDBC URL [Connecting through datasource 'HikariDataSource (HikariPool-2)']
	Database driver: undefined/unknown
	Database version: 2.3.232
	Autocommit mode: undefined/unknown
	Isolation level: undefined/unknown
	Minimum pool size: undefined/unknown
	Maximum pool size: undefined/unknown
2026-09-09T02:32:57.627+05:30  INFO 29628 --- [movie-ticket-booking-backend] [           main] o.h.e.t.j.p.i.JtaPlatformInitiator       : HHH000489: No JTA platform available (set 'hibernate.transaction.jta.platform' to enable JTA platform integration)
2026-09-09T02:32:57.627+05:30  INFO 29628 --- [movie-ticket-booking-backend] [           main] j.LocalContainerEntityManagerFactoryBean : Initialized JPA EntityManagerFactory for persistence unit 'default'
2026-09-09T02:32:57.788+05:30  WARN 29628 --- [movie-ticket-booking-backend] [           main] JpaBaseConfiguration$JpaWebConfiguration : spring.jpa.open-in-view is enabled by default. Therefore, database queries may be performed during view rendering. Explicitly configure spring.jpa.open-in-view to disable this warning
2026-09-09T02:32:57.923+05:30  INFO 29628 --- [movie-ticket-booking-backend] [           main] c.c.MovieTicketBookingApplicationTests   : Started MovieTicketBookingApplicationTests in 0.853 seconds (process running for 8.814)
]]></system-out>
  </testcase>
</testsuite>