<?xml version="1.0" encoding="UTF-8"?>
<testsuite xmlns:xsi="http://www.w3.org/2001/XMLSchema-instance" xsi:noNamespaceSchemaLocation="https://maven.apache.org/surefire/maven-surefire-plugin/xsd/surefire-test-report.xsd" version="3.0.2" name="com.cinepulse.service.BookingServiceTest" time="0.432" tests="4" errors="0" skipped="0" failures="0">
  <properties>
[...]
</properties>
  <testcase name="testAtomicMultiSeatBookingFailure" classname="com.cinepulse.service.BookingServiceTest" time="0.267">
    <system-out><![CDATA[2026-09-09T02:39:43.452+05:30  INFO 6148 --- [movie-ticket-booking-backend] [           main] t.c.s.AnnotationConfigContextLoaderUtils : Could not detect default configuration classes for test class [com.cinepulse.service.BookingServiceTest]: BookingServiceTest does not declare any static, non-private, non-final, nested classes annotated with @Configuration.
2026-09-09T02:39:43.465+05:30  INFO 6148 --- [movie-ticket-booking-backend] [           main] .b.t.c.SpringBootTestContextBootstrapper : Found @SpringBootConfiguration com.cinepulse.MovieTicketBookingApplication for test class com.cinepulse.service.BookingServiceTest
Hibernate: 
    select
        u1_0.id,
        u1_0.created_at,
        u1_0.email,
        u1_0.name,
        u1_0.password 
    from
        users u1_0 
    where
        u1_0.id=?
Hibernate: 
    select
        s1_0.id,
        s1_0.movie_id,
        s1_0.price,
        s1_0.screen_id,
        s1_0.show_date,
        s1_0.show_time 
    from
        shows s1_0 
    where
        s1_0.id=?
Hibernate: 
    select
        s1_0.id,
        s1_0.row_label,
        s1_0.screen_id,
        s1_0.seat_number,
        s1_0.seat_type 
    from
        seats s1_0 
    where
        s1_0.id in (?)
Hibernate: 
    select
        bs1_0.seat_id 
    from
        booking_seats bs1_0 
    join
        bookings b1_0 
            on b1_0.id=bs1_0.booking_id 
    where
        bs1_0.show_id=? 
        and b1_0.status='CONFIRMED'
Hibernate: 
    insert 
    into
        bookings
        (booking_reference, show_id, status, total_amount, user_id) 
    values
        (?, ?, ?, ?, ?)
Hibernate: 
    insert 
    into
        booking_seats
        (booking_id, price, seat_id, show_id) 
    values
        (?, ?, ?, ?)
Hibernate: 
    select
        m1_0.id,
        m1_0.description,
        m1_0.duration_minutes,
        m1_0.genre,
        m1_0.language,
        m1_0.poster_url,
        m1_0.release_date,
        m1_0.title 
    from
        movies m1_0 
    where
        m1_0.id=?
Hibernate: 
    select
        s1_0.id,
        s1_0.name,
        s1_0.theater_id,
        s1_0.total_columns,
        s1_0.total_rows 
    from
        screens s1_0 
    where
        s1_0.id=?
Hibernate: 
    select
        t1_0.id,
        t1_0.location,
        t1_0.name 
    from
        theaters t1_0 
    where
        t1_0.id=?
Hibernate: 
    select
        s1_0.id,
        s1_0.row_label,
        s1_0.screen_id,
        s1_0.seat_number,
        s1_0.seat_type 
    from
        seats s1_0 
    where
        s1_0.id in (?, ?)
Hibernate: 
    select
        bs1_0.seat_id 
    from
        booking_seats bs1_0 
    join
        bookings b1_0 
            on b1_0.id=bs1_0.booking_id 
    where
        bs1_0.show_id=? 
        and b1_0.status='CONFIRMED'
Hibernate: 
    select
        s1_0.id,
        s1_0.row_label,
        s1_0.screen_id,
        s1_0.seat_number,
        s1_0.seat_type 
    from
        seats s1_0 
    left join
        screens s2_0 
            on s2_0.id=s1_0.screen_id 
    where
        s2_0.id=?
Hibernate: 
    select
        bs1_0.seat_id 
    from
        booking_seats bs1_0 
    join
        bookings b1_0 
            on b1_0.id=bs1_0.booking_id 
    where
        bs1_0.show_id=? 
        and b1_0.status='CONFIRMED'
]]></system-out>
  </testcase>
  <testcase name="testInvalidUserOrShowFails" classname="com.cinepulse.service.BookingServiceTest" time="0.02">
    <system-out><![CDATA[Hibernate: 
    select
        u1_0.id,
        u1_0.created_at,
        u1_0.email,
        u1_0.name,
        u1_0.password 
    from
        users u1_0 
    where
        u1_0.id=?
Hibernate: 
    select
        u1_0.id,
        u1_0.created_at,
        u1_0.email,
        u1_0.name,
        u1_0.password 
    from
        users u1_0 
    where
        u1_0.id=?
Hibernate: 
    select
        s1_0.id,
        s1_0.movie_id,
        s1_0.price,
        s1_0.screen_id,
        s1_0.show_date,
        s1_0.show_time 
    from
        shows s1_0 
    where
        s1_0.id=?
]]></system-out>
  </testcase>
  <testcase name="testGetMoviesAndShows" classname="com.cinepulse.service.BookingServiceTest" time="0.068">
    <system-out><![CDATA[Hibernate: 
    select
        m1_0.id,
        m1_0.description,
        m1_0.duration_minutes,
        m1_0.genre,
        m1_0.language,
        m1_0.poster_url,
        m1_0.release_date,
        m1_0.title 
    from
        movies m1_0
Hibernate: 
    select
        count(*) 
    from
        movies m1_0 
    where
        m1_0.id=?
Hibernate: 
    select
        s1_0.id,
        s1_0.movie_id,
        s1_0.price,
        s1_0.screen_id,
        s1_0.show_date,
        s1_0.show_time 
    from
        shows s1_0 
    left join
        movies m1_0 
            on m1_0.id=s1_0.movie_id 
    where
        m1_0.id=?
Hibernate: 
    select
        s1_0.id,
        s1_0.name,
        s1_0.theater_id,
        s1_0.total_columns,
        s1_0.total_rows 
    from
        screens s1_0 
    where
        s1_0.id=?
Hibernate: 
    select
        t1_0.id,
        t1_0.location,
        t1_0.name 
    from
        theaters t1_0 
    where
        t1_0.id=?
]]></system-out>
  </testcase>
  <testcase name="testSuccessfulBookingAndShowSpecificAvailability" classname="com.cinepulse.service.BookingServiceTest" time="0.048">
    <system-out><![CDATA[Hibernate: 
    select
        u1_0.id,
        u1_0.created_at,
        u1_0.email,
        u1_0.name,
        u1_0.password 
    from
        users u1_0 
    where
        u1_0.id=?
Hibernate: 
    select
        s1_0.id,
        s1_0.movie_id,
        s1_0.price,
        s1_0.screen_id,
        s1_0.show_date,
        s1_0.show_time 
    from
        shows s1_0 
    where
        s1_0.id=?
Hibernate: 
    select
        s1_0.id,
        s1_0.row_label,
        s1_0.screen_id,
        s1_0.seat_number,
        s1_0.seat_type 
    from
        seats s1_0 
    where
        s1_0.id in (?, ?)
Hibernate: 
    select
        bs1_0.seat_id 
    from
        booking_seats bs1_0 
    join
        bookings b1_0 
            on b1_0.id=bs1_0.booking_id 
    where
        bs1_0.show_id=? 
        and b1_0.status='CONFIRMED'
Hibernate: 
    insert 
    into
        bookings
        (booking_reference, show_id, status, total_amount, user_id) 
    values
        (?, ?, ?, ?, ?)
Hibernate: 
    insert 
    into
        booking_seats
        (booking_id, price, seat_id, show_id) 
    values
        (?, ?, ?, ?)
Hibernate: 
    insert 
    into
        booking_seats
        (booking_id, price, seat_id, show_id) 
    values
        (?, ?, ?, ?)
Hibernate: 
    select
        m1_0.id,
        m1_0.description,
        m1_0.duration_minutes,
        m1_0.genre,
        m1_0.language,
        m1_0.poster_url,
        m1_0.release_date,
        m1_0.title 
    from
        movies m1_0 
    where
        m1_0.id=?
Hibernate: 
    select
        s1_0.id,
        s1_0.name,
        s1_0.theater_id,
        s1_0.total_columns,
        s1_0.total_rows 
    from
        screens s1_0 
    where
        s1_0.id=?
Hibernate: 
    select
        t1_0.id,
        t1_0.location,
        t1_0.name 
    from
        theaters t1_0 
    where
        t1_0.id=?
Hibernate: 
    select
        s1_0.id,
        s1_0.row_label,
        s1_0.screen_id,
        s1_0.seat_number,
        s1_0.seat_type 
    from
        seats s1_0 
    where
        s1_0.id in (?)
Hibernate: 
    select
        bs1_0.seat_id 
    from
        booking_seats bs1_0 
    join
        bookings b1_0 
            on b1_0.id=bs1_0.booking_id 
    where
        bs1_0.show_id=? 
        and b1_0.status='CONFIRMED'
Hibernate: 
    select
        s1_0.id,
        s1_0.movie_id,
        s1_0.price,
        s1_0.screen_id,
        s1_0.show_date,
        s1_0.show_time 
    from
        shows s1_0 
    where
        s1_0.id=?
Hibernate: 
    select
        s1_0.id,
        s1_0.row_label,
        s1_0.screen_id,
        s1_0.seat_number,
        s1_0.seat_type 
    from
        seats s1_0 
    where
        s1_0.id in (?)
Hibernate: 
    select
        bs1_0.seat_id 
    from
        booking_seats bs1_0 
    join
        bookings b1_0 
            on b1_0.id=bs1_0.booking_id 
    where
        bs1_0.show_id=? 
        and b1_0.status='CONFIRMED'
Hibernate: 
    insert 
    into
        bookings
        (booking_reference, show_id, status, total_amount, user_id) 
    values
        (?, ?, ?, ?, ?)
Hibernate: 
    insert 
    into
        booking_seats
        (booking_id, price, seat_id, show_id) 
    values
        (?, ?, ?, ?)
Hibernate: 
    select
        m1_0.id,
        m1_0.description,
        m1_0.duration_minutes,
        m1_0.genre,
        m1_0.language,
        m1_0.poster_url,
        m1_0.release_date,
        m1_0.title 
    from
        movies m1_0 
    where
        m1_0.id=?
]]></system-out>
  </testcase>
</testsuite>